d:\minh\oopk19\projectoop\project\debug\vc142.pdb
d:\minh\oopk19\projectoop\project\debug\vc142.idb
d:\minh\oopk19\projectoop\project\debug\main.obj
d:\minh\oopk19\projectoop\project\debug\cvehicle.obj
d:\minh\oopk19\projectoop\project\debug\console.obj
d:\minh\oopk19\projectoop\project\debug\cgame.obj
d:\minh\oopk19\projectoop\project\debug\cpeople.obj
d:\minh\oopk19\projectoop\debug\project.exe
d:\minh\oopk19\projectoop\debug\project.ilk
d:\minh\oopk19\projectoop\debug\project.pdb
d:\oopk19\projectoop\project\debug\cgame.obj
d:\oopk19\projectoop\project\debug\console.obj
d:\oopk19\projectoop\project\debug\cpeople.obj
d:\oopk19\projectoop\project\debug\cvehicle.obj
d:\oopk19\projectoop\project\debug\main.obj
d:\oopk19\projectoop\project\debug\vc142.idb
d:\oopk19\projectoop\project\debug\vc142.pdb
d:\oopk19\projectoop\debug\project.pdb
d:\oopk19\projectoop\debug\project.exe
d:\oopk19\projectoop\debug\project.ilk
d:\oopk19\projectoop\project\debug\project.tlog\cl.command.1.tlog
d:\oopk19\projectoop\project\debug\project.tlog\cl.read.1.tlog
d:\oopk19\projectoop\project\debug\project.tlog\cl.write.1.tlog
d:\oopk19\projectoop\project\debug\project.tlog\link.command.1.tlog
d:\oopk19\projectoop\project\debug\project.tlog\link.read.1.tlog
d:\oopk19\projectoop\project\debug\project.tlog\link.write.1.tlog
